<?xml version="1.0" encoding="UTF-8"?>
<!-- Generated by org.testng.reporters.JUnitXMLReporter -->
<testsuite ignored="0" hostname="shailesh" failures="0" tests="3" name="Default test" time="47.177" errors="0" timestamp="2025-06-07T20:40:36 IST">
  <testcase classname="assertion.AllBrowserLaunch" name="chromeBrowser" time="13.723"/>
  <testcase classname="assertion.AllBrowserLaunch" name="edgeBrowser" time="10.85"/>
  <testcase classname="assertion.AllBrowserLaunch" name="fireBrowser" time="22.492"/>
</testsuite> <!-- Default test -->
