<?xml version="1.0" encoding="UTF-8"?>
<testng-results ignored="0" total="1" passed="1" failed="0" skipped="0">
  <reporter-output>
  </reporter-output>
  <suite started-at="2025-06-04T21:08:06 IST" name="Parameters" finished-at="2025-06-04T21:09:14 IST" duration-ms="68251">
    <groups>
    </groups>
    <test started-at="2025-06-04T21:08:06 IST" name="Marketing Leads Creation with lisner" finished-at="2025-06-04T21:09:14 IST" duration-ms="68251">
      <class name="com.eva.marketing.submodule.testcases.Marketing_Campaings">
        <test-method is-config="true" signature="beforeSuiteMethod()[pri:0, instance:com.eva.marketing.submodule.testcases.Marketing_Campaings@fbd1f6]" started-at="2025-06-04T21:08:06 IST" name="beforeSuiteMethod" finished-at="2025-06-04T21:08:06 IST" duration-ms="414" status="PASS">
          <reporter-output>
          </reporter-output>
        </test-method> <!-- beforeSuiteMethod -->
        <test-method is-config="true" signature="beforeTestMethod()[pri:0, instance:com.eva.marketing.submodule.testcases.Marketing_Campaings@fbd1f6]" started-at="2025-06-04T21:08:06 IST" name="beforeTestMethod" finished-at="2025-06-04T21:08:06 IST" duration-ms="1" status="PASS">
          <reporter-output>
          </reporter-output>
        </test-method> <!-- beforeTestMethod -->
        <test-method is-config="true" signature="beforeClassMethod()[pri:0, instance:com.eva.marketing.submodule.testcases.Marketing_Campaings@fbd1f6]" started-at="2025-06-04T21:08:06 IST" name="beforeClassMethod" finished-at="2025-06-04T21:08:06 IST" duration-ms="1" status="PASS">
          <reporter-output>
          </reporter-output>
        </test-method> <!-- beforeClassMethod -->
        <test-method is-config="true" signature="beforeMethod(java.lang.String,java.lang.String,java.lang.String,java.lang.String,java.lang.String,java.lang.reflect.Method)[pri:0, instance:com.eva.marketing.submodule.testcases.Marketing_Campaings@fbd1f6]" started-at="2025-06-04T21:08:06 IST" name="beforeMethod" finished-at="2025-06-04T21:08:58 IST" duration-ms="51564" status="PASS">
          <params>
            <param index="0">
              <value>
                <![CDATA[chromebrowser]]>
              </value>
            </param>
            <param index="1">
              <value>
                <![CDATA[admin]]>
              </value>
            </param>
            <param index="2">
              <value>
                <![CDATA[admin]]>
              </value>
            </param>
            <param index="3">
              <value>
                <![CDATA[woodspice]]>
              </value>
            </param>
            <param index="4">
              <value>
                <![CDATA[http:/localhost:8888]]>
              </value>
            </param>
            <param index="5">
              <value>
                <![CDATA[public void com.eva.marketing.submodule.testcases.Marketing_Campaings.verifyCreateNewCampaings()]]>
              </value>
            </param>
          </params>
          <reporter-output>
          </reporter-output>
        </test-method> <!-- beforeMethod -->
        <test-method signature="verifyCreateNewCampaings()[pri:0, instance:com.eva.marketing.submodule.testcases.Marketing_Campaings@fbd1f6]" started-at="2025-06-04T21:08:58 IST" name="verifyCreateNewCampaings" finished-at="2025-06-04T21:09:11 IST" duration-ms="13196" status="PASS">
          <reporter-output>
          </reporter-output>
        </test-method> <!-- verifyCreateNewCampaings -->
        <test-method is-config="true" signature="afterMethod()[pri:0, instance:com.eva.marketing.submodule.testcases.Marketing_Campaings@fbd1f6]" started-at="2025-06-04T21:09:11 IST" name="afterMethod" finished-at="2025-06-04T21:09:14 IST" duration-ms="2724" status="PASS">
          <reporter-output>
          </reporter-output>
        </test-method> <!-- afterMethod -->
        <test-method is-config="true" signature="afterClass()[pri:0, instance:com.eva.marketing.submodule.testcases.Marketing_Campaings@fbd1f6]" started-at="2025-06-04T21:09:14 IST" name="afterClass" finished-at="2025-06-04T21:09:14 IST" duration-ms="696" status="PASS">
          <reporter-output>
          </reporter-output>
        </test-method> <!-- afterClass -->
        <test-method is-config="true" signature="afterTest()[pri:0, instance:com.eva.marketing.submodule.testcases.Marketing_Campaings@fbd1f6]" started-at="2025-06-04T21:09:14 IST" name="afterTest" finished-at="2025-06-04T21:09:14 IST" duration-ms="0" status="PASS">
          <reporter-output>
          </reporter-output>
        </test-method> <!-- afterTest -->
        <test-method is-config="true" signature="afterSuite()[pri:0, instance:com.eva.marketing.submodule.testcases.Marketing_Campaings@fbd1f6]" started-at="2025-06-04T21:09:14 IST" name="afterSuite" finished-at="2025-06-04T21:09:14 IST" duration-ms="0" status="PASS">
          <reporter-output>
          </reporter-output>
        </test-method> <!-- afterSuite -->
      </class> <!-- com.eva.marketing.submodule.testcases.Marketing_Campaings -->
    </test> <!-- Marketing Leads Creation with lisner -->
  </suite> <!-- Parameters -->
</testng-results>
