<?xml version="1.0" encoding="UTF-8"?>
<!-- Generated by org.testng.reporters.JUnitXMLReporter -->
<testsuite ignored="2" hostname="shailesh" failures="0" tests="0" time="0.028" errors="0" timestamp="2024-05-01T05:30:45 IST">
  <testcase classname="com.eva.marketing.submodule.testcases.MarketingAccounts" name="verifyCreateNewAccount" time="0.0">
    <ignored/>
  </testcase> <!-- verifyCreateNewAccount -->
  <testcase classname="com.eva.marketing.submodule.testcases.MarketingAccounts" name="verifyAccountDelete" time="0.0">
    <ignored/>
  </testcase> <!-- verifyAccountDelete -->
</testsuite>
