<?xml version="1.0" encoding="UTF-8"?>
<!-- Generated by org.testng.reporters.JUnitXMLReporter -->
<testsuite ignored="0" hostname="shailesh" failures="0" tests="4" name="MyTestCases" time="0.128" errors="0" timestamp="2024-04-26T12:24:49 IST">
  <testcase classname="com.eva.my.tng.practice.TestNGGrouping" name="verifyFirstName" time="0.021"/>
  <testcase classname="com.eva.my.tng.practice.TestNGGrouping" name="verifyLastName" time="0.003"/>
  <testcase classname="com.eva.my.tng.practice.TestNGGrouping" name="verifyClass" time="0.002"/>
  <testcase classname="com.eva.my.tng.practice.TestNGGrouping" name="verifyAge" time="0.002"/>
</testsuite> <!-- MyTestCases -->
