<?xml version="1.0" encoding="UTF-8"?>
<!-- Generated by org.testng.reporters.JUnitXMLReporter -->
<testsuite ignored="3" hostname="shailesh" failures="0" tests="1" name="Empty Login" time="90.887" errors="0" timestamp="2025-06-07T21:10:39 IST">
  <testcase classname="com.evs.data.provider.DataProviderParrelleExicution" name="emptyLogin" time="44.251"/>
  <testcase classname="com.evs.data.provider.DataProviderParrelleExicution" name="inValidUserName" time="0.0">
    <ignored/>
  </testcase> <!-- inValidUserName -->
  <testcase classname="com.evs.data.provider.DataProviderParrelleExicution" name="validLogin" time="0.0">
    <ignored/>
  </testcase> <!-- validLogin -->
  <testcase classname="com.evs.data.provider.DataProviderParrelleExicution" name="inValidPassword" time="0.0">
    <ignored/>
  </testcase> <!-- inValidPassword -->
</testsuite> <!-- Empty Login -->
