<?xml version="1.0" encoding="UTF-8"?>
<!-- Generated by org.testng.reporters.JUnitXMLReporter -->
<testsuite ignored="3" hostname="shailesh" failures="0" tests="1" name="inValidPassword Login" time="1.071" errors="0" timestamp="2025-06-07T21:09:08 IST">
  <testcase classname="com.evs.data.provider.DataProviderParrelleExicution" name="inValidPassword" time="0.001">
    <skipped/>
  </testcase> <!-- inValidPassword -->
  <testcase classname="com.evs.data.provider.DataProviderParrelleExicution" name="emptyLogin" time="0.0">
    <ignored/>
  </testcase> <!-- emptyLogin -->
  <testcase classname="com.evs.data.provider.DataProviderParrelleExicution" name="validLogin" time="0.0">
    <ignored/>
  </testcase> <!-- validLogin -->
  <testcase classname="com.evs.data.provider.DataProviderParrelleExicution" name="inValidUserName" time="0.0">
    <ignored/>
  </testcase> <!-- inValidUserName -->
</testsuite> <!-- inValidPassword Login -->
