<?xml version="1.0" encoding="UTF-8"?>
<!-- Generated by org.testng.reporters.JUnitXMLReporter -->
<testsuite ignored="1" hostname="shailesh" failures="0" tests="1" name="InValid Login" time="92.709" errors="0" timestamp="2025-06-07T20:56:44 IST">
  <testcase classname="com.evs.data.provider.DataProviderParrelleExicution" name="inValidLogin" time="43.594"/>
  <testcase classname="com.evs.data.provider.DataProviderParrelleExicution" name="validLogin" time="0.0">
    <ignored/>
  </testcase> <!-- validLogin -->
</testsuite> <!-- InValid Login -->
